#
# There is insufficient memory for the Java Runtime Environment to continue.
# Native memory allocation (malloc) failed to allocate 1048576 bytes. Error detail: AllocateHeap
# Possible reasons:
#   The system is out of physical RAM or swap space
#   This process is running with CompressedOops enabled, and the Java Heap may be blocking the growth of the native heap
# Possible solutions:
#   Reduce memory load on the system
#   Increase physical memory or swap space
#   Check if swap backing store is full
#   Decrease Java heap size (-Xmx/-Xms)
#   Decrease number of Java threads
#   Decrease Java thread stack sizes (-Xss)
#   Set larger code cache with -XX:ReservedCodeCacheSize=
#   JVM is running with Unscaled Compressed Oops mode in which the Java heap is
#     placed in the first 4GB address space. The Java Heap base address is the
#     maximum limit for the native heap growth. Please use -XX:HeapBaseMinAddress
#     to set the Java Heap base and to place the Java Heap above 4GB virtual address.
# This output file may be truncated or incomplete.
#
#  Out of Memory Error (allocation.cpp:44), pid=27668, tid=31264
#
# JRE version: OpenJDK Runtime Environment Temurin-21.0.8+9 (21.0.8+9) (build 21.0.8+9-LTS)
# Java VM: OpenJDK 64-Bit Server VM Temurin-21.0.8+9 (21.0.8+9-LTS, mixed mode, sharing, tiered, compressed oops, compressed class ptrs, parallel gc, windows-amd64)
# No core dump will be written. Minidumps are not enabled by default on client versions of Windows
#

---------------  S U M M A R Y ------------

Command Line: --add-modules=ALL-SYSTEM --add-opens=java.base/java.util=ALL-UNNAMED --add-opens=java.base/java.lang=ALL-UNNAMED --add-opens=java.base/sun.nio.fs=ALL-UNNAMED -Declipse.application=org.eclipse.jdt.ls.core.id1 -Dosgi.bundles.defaultStartLevel=4 -Declipse.product=org.eclipse.jdt.ls.core.product -Djava.import.generatesMetadataFilesAtProjectRoot=false -DDetectVMInstallationsJob.disabled=true -Dfile.encoding=utf8 -XX:+UseParallelGC -XX:GCTimeRatio=4 -XX:AdaptiveSizePolicyWeight=90 -Dsun.zip.disableMemoryMapping=true -Xmx2G -Xms100m -Xlog:disable -javaagent:c:\Users\yaria\.vscode\extensions\redhat.java-1.46.0-win32-x64\lombok\lombok-1.18.39-4050.jar -XX:+HeapDumpOnOutOfMemoryError -XX:HeapDumpPath=c:\Users\yaria\AppData\Roaming\Code\User\workspaceStorage\92f9c00cd649b263b20127a6d86bc385\redhat.java -Daether.dependencyCollector.impl=bf c:\Users\yaria\.vscode\extensions\redhat.java-1.46.0-win32-x64\server\plugins\org.eclipse.equinox.launcher_1.7.0.v20250519-0528.jar -configuration c:\Users\yaria\AppData\Roaming\Code\User\globalStorage\redhat.java\1.46.0\config_win -data c:\Users\yaria\AppData\Roaming\Code\User\workspaceStorage\92f9c00cd649b263b20127a6d86bc385\redhat.java\jdt_ws --pipe=\\.\pipe\lsp-1de3433e4c630f927e86ee15399a8963-sock

Host: AMD Ryzen 5 7520U with Radeon Graphics         , 8 cores, 5G,  Windows 11 , 64 bit Build 26100 (10.0.26100.6725)
Time: Sun Oct 19 14:38:09 2025 Hora estándar, América Central elapsed time: 54962.398219 seconds (0d 15h 16m 2s)

---------------  T H R E A D  ---------------

Current thread (0x000001d568a4ed30):  JavaThread "Attach Listener" daemon [_thread_in_vm, id=31264, stack(0x0000009c86500000,0x0000009c86600000) (1024K)]

Stack: [0x0000009c86500000,0x0000009c86600000]
Native frames: (J=compiled Java code, j=interpreted, Vv=VM code, C=native code)
V  [jvm.dll+0x6d2449]
V  [jvm.dll+0x8ae341]
V  [jvm.dll+0x8b08be]
V  [jvm.dll+0x8b0fa3]
V  [jvm.dll+0x280c96]
V  [jvm.dll+0xc0347]
V  [jvm.dll+0x6d2cf9]
V  [jvm.dll+0x131116]
V  [jvm.dll+0x3f2d16]
V  [jvm.dll+0x857e6b]
V  [jvm.dll+0x6d0b0d]
C  [ucrtbase.dll+0x37b0]
C  [KERNEL32.DLL+0x2e8d7]
C  [ntdll.dll+0x8c53c]


---------------  P R O C E S S  ---------------

Threads class SMR info:
_java_thread_list=0x000001d56a71d420, length=39, elements={
0x000001d551fddb40, 0x000001d568a3e250, 0x000001d568a3fe10, 0x000001d568a4bcf0,
0x000001d568a4ed30, 0x000001d568a57d70, 0x000001d568a5cfc0, 0x000001d568a61560,
0x000001d568a62270, 0x000001d56a3d7230, 0x000001d56a615ae0, 0x000001d56f100f50,
0x000001d56f0bc570, 0x000001d56f0ed060, 0x000001d56f0ef1d0, 0x000001d56f0ea1f0,
0x000001d56f0ebc30, 0x000001d56f0e87b0, 0x000001d56f0e94d0, 0x000001d56fd79410,
0x000001d56fd79aa0, 0x000001d56fd76cb0, 0x000001d56fd786f0, 0x000001d56fd78d80,
0x000001d56fd779d0, 0x000001d56fd76620, 0x000001d5721c9ed0, 0x000001d5721cabf0,
0x000001d5721ca560, 0x000001d5721cb910, 0x000001d5721cbfa0, 0x000001d5721c8b20,
0x000001d571044570, 0x000001d5735e0470, 0x000001d5735e1190, 0x000001d5735ddd10,
0x000001d5735dea30, 0x000001d5735dd680, 0x000001d5735e1eb0
}

Java Threads: ( => current thread )
  0x000001d551fddb40 JavaThread "main"                              [_thread_blocked, id=30700, stack(0x0000009c85e00000,0x0000009c85f00000) (1024K)]
  0x000001d568a3e250 JavaThread "Reference Handler"          daemon [_thread_blocked, id=25412, stack(0x0000009c86200000,0x0000009c86300000) (1024K)]
  0x000001d568a3fe10 JavaThread "Finalizer"                  daemon [_thread_blocked, id=22360, stack(0x0000009c86300000,0x0000009c86400000) (1024K)]
  0x000001d568a4bcf0 JavaThread "Signal Dispatcher"          daemon [_thread_blocked, id=24188, stack(0x0000009c86400000,0x0000009c86500000) (1024K)]
=>0x000001d568a4ed30 JavaThread "Attach Listener"            daemon [_thread_in_vm, id=31264, stack(0x0000009c86500000,0x0000009c86600000) (1024K)]
  0x000001d568a57d70 JavaThread "Service Thread"             daemon [_thread_blocked, id=27160, stack(0x0000009c86600000,0x0000009c86700000) (1024K)]
  0x000001d568a5cfc0 JavaThread "Monitor Deflation Thread"   daemon [_thread_blocked, id=29108, stack(0x0000009c86700000,0x0000009c86800000) (1024K)]
  0x000001d568a61560 JavaThread "C2 CompilerThread0"         daemon [_thread_blocked, id=32124, stack(0x0000009c86800000,0x0000009c86900000) (1024K)]
  0x000001d568a62270 JavaThread "C1 CompilerThread0"         daemon [_thread_blocked, id=28472, stack(0x0000009c86900000,0x0000009c86a00000) (1024K)]
  0x000001d56a3d7230 JavaThread "Common-Cleaner"             daemon [_thread_blocked, id=15580, stack(0x0000009c86a00000,0x0000009c86b00000) (1024K)]
  0x000001d56a615ae0 JavaThread "Notification Thread"        daemon [_thread_blocked, id=16708, stack(0x0000009c86b00000,0x0000009c86c00000) (1024K)]
  0x000001d56f100f50 JavaThread "Active Thread: Equinox Container: 47690a8e-2df6-45cd-8909-9b9d3b2fa322"        [_thread_blocked, id=19620, stack(0x0000009c87400000,0x0000009c87500000) (1024K)]
  0x000001d56f0bc570 JavaThread "Refresh Thread: Equinox Container: 47690a8e-2df6-45cd-8909-9b9d3b2fa322" daemon [_thread_blocked, id=22864, stack(0x0000009c87500000,0x0000009c87600000) (1024K)]
  0x000001d56f0ed060 JavaThread "Framework Event Dispatcher: Equinox Container: 47690a8e-2df6-45cd-8909-9b9d3b2fa322" daemon [_thread_blocked, id=25532, stack(0x0000009c87700000,0x0000009c87800000) (1024K)]
  0x000001d56f0ef1d0 JavaThread "Start Level: Equinox Container: 47690a8e-2df6-45cd-8909-9b9d3b2fa322" daemon [_thread_blocked, id=29224, stack(0x0000009c87800000,0x0000009c87900000) (1024K)]
  0x000001d56f0ea1f0 JavaThread "Bundle File Closer"         daemon [_thread_blocked, id=28036, stack(0x0000009c87900000,0x0000009c87a00000) (1024K)]
  0x000001d56f0ebc30 JavaThread "SCR Component Actor"        daemon [_thread_blocked, id=8516, stack(0x0000009c86c00000,0x0000009c86d00000) (1024K)]
  0x000001d56f0e87b0 JavaThread "Worker-JM"                         [_thread_blocked, id=17416, stack(0x0000009c87b00000,0x0000009c87c00000) (1024K)]
  0x000001d56f0e94d0 JavaThread "JNA Cleaner"                daemon [_thread_blocked, id=18156, stack(0x0000009c87a00000,0x0000009c87b00000) (1024K)]
  0x000001d56fd79410 JavaThread "Java indexing"              daemon [_thread_blocked, id=20180, stack(0x0000009c88000000,0x0000009c88100000) (1024K)]
  0x000001d56fd79aa0 JavaThread "Thread-1"                   daemon [_thread_in_native, id=28976, stack(0x0000009c88600000,0x0000009c88700000) (1024K)]
  0x000001d56fd76cb0 JavaThread "Thread-2"                   daemon [_thread_in_native, id=13696, stack(0x0000009c88700000,0x0000009c88800000) (1024K)]
  0x000001d56fd786f0 JavaThread "Thread-3"                   daemon [_thread_in_native, id=11936, stack(0x0000009c88800000,0x0000009c88900000) (1024K)]
  0x000001d56fd78d80 JavaThread "Thread-4"                   daemon [_thread_in_native, id=28428, stack(0x0000009c88900000,0x0000009c88a00000) (1024K)]
  0x000001d56fd779d0 JavaThread "Thread-5"                   daemon [_thread_in_native, id=2772, stack(0x0000009c88a00000,0x0000009c88b00000) (1024K)]
  0x000001d56fd76620 JavaThread "Thread-6"                   daemon [_thread_in_native, id=18516, stack(0x0000009c88b00000,0x0000009c88c00000) (1024K)]
  0x000001d5721c9ed0 JavaThread "Thread-7"                   daemon [_thread_in_native, id=26768, stack(0x0000009c88c00000,0x0000009c88d00000) (1024K)]
  0x000001d5721cabf0 JavaThread "Thread-8"                   daemon [_thread_in_native, id=29952, stack(0x0000009c88d00000,0x0000009c88e00000) (1024K)]
  0x000001d5721ca560 JavaThread "Thread-9"                   daemon [_thread_in_native, id=28636, stack(0x0000009c88e00000,0x0000009c88f00000) (1024K)]
  0x000001d5721cb910 JavaThread "pool-2-thread-1"                   [_thread_blocked, id=27908, stack(0x0000009c89000000,0x0000009c89100000) (1024K)]
  0x000001d5721cbfa0 JavaThread "WorkspaceEventsHandler"            [_thread_blocked, id=27472, stack(0x0000009c89100000,0x0000009c89200000) (1024K)]
  0x000001d5721c8b20 JavaThread "pool-1-thread-1"                   [_thread_blocked, id=27164, stack(0x0000009c89200000,0x0000009c89300000) (1024K)]
  0x000001d571044570 JavaThread "Cleaner-0"                  daemon [_thread_blocked, id=31864, stack(0x0000009c88300000,0x0000009c88400000) (1024K)]
  0x000001d5735e0470 JavaThread "Worker-12"                         [_thread_blocked, id=26752, stack(0x0000009c85b00000,0x0000009c85c00000) (1024K)]
  0x000001d5735e1190 JavaThread "Worker-13"                         [_thread_blocked, id=26436, stack(0x0000009c85d00000,0x0000009c85e00000) (1024K)]
  0x000001d5735ddd10 JavaThread "Compiler Source File Reader" daemon [_thread_blocked, id=20884, stack(0x0000009c87c00000,0x0000009c87d00000) (1024K)]
  0x000001d5735dea30 JavaThread "ForkJoinPool.commonPool-worker-36" daemon [_thread_blocked, id=25280, stack(0x0000009c85c00000,0x0000009c85d00000) (1024K)]
  0x000001d5735dd680 JavaThread "ForkJoinPool.commonPool-worker-37" daemon [_thread_blocked, id=12504, stack(0x0000009c86d00000,0x0000009c86e00000) (1024K)]
  0x000001d5735e1eb0 JavaThread "ForkJoinPool.commonPool-worker-38" daemon [_thread_blocked, id=29864, stack(0x0000009c87d00000,0x0000009c87e00000) (1024K)]
Total: 39

Other Threads:
  0x000001d552079a50 VMThread "VM Thread"                           [id=27740, stack(0x0000009c86100000,0x0000009c86200000) (1024K)]
  0x000001d56894ca00 WatcherThread "VM Periodic Task Thread"        [id=26200, stack(0x0000009c86000000,0x0000009c86100000) (1024K)]
  0x000001d551ffcc50 WorkerThread "GC Thread#0"                     [id=31772, stack(0x0000009c85f00000,0x0000009c86000000) (1024K)]
  0x000001d56ac37bd0 WorkerThread "GC Thread#1"                     [id=31952, stack(0x0000009c86e00000,0x0000009c86f00000) (1024K)]
  0x000001d56ac36cd0 WorkerThread "GC Thread#2"                     [id=17436, stack(0x0000009c86f00000,0x0000009c87000000) (1024K)]
  0x000001d56ac37070 WorkerThread "GC Thread#3"                     [id=27808, stack(0x0000009c87000000,0x0000009c87100000) (1024K)]
  0x000001d56ac37410 WorkerThread "GC Thread#4"                     [id=19056, stack(0x0000009c87100000,0x0000009c87200000) (1024K)]
  0x000001d56ad61f10 WorkerThread "GC Thread#5"                     [id=31188, stack(0x0000009c87200000,0x0000009c87300000) (1024K)]
  0x000001d56ad62ac0 WorkerThread "GC Thread#6"                     [id=31408, stack(0x0000009c87300000,0x0000009c87400000) (1024K)]
  0x000001d56f0bd180 WorkerThread "GC Thread#7"                     [id=27756, stack(0x0000009c87600000,0x0000009c87700000) (1024K)]
Total: 10

Threads with active compile tasks:
Total: 0

VM state: not at safepoint (normal execution)

VM Mutex/Monitor currently owned by a thread: None

Heap address: 0x0000000080000000, size: 2048 MB, Compressed Oops mode: 32-bit

CDS archive(s) mapped at: [0x000001d500000000-0x000001d500ba0000-0x000001d500ba0000), size 12189696, SharedBaseAddress: 0x000001d500000000, ArchiveRelocationMode: 1.
Compressed class space mapped at: 0x000001d501000000-0x000001d541000000, reserved size: 1073741824
Narrow klass base: 0x000001d500000000, Narrow klass shift: 0, Narrow klass range: 0x100000000

GC Precious Log:
 CardTable entry size: 512
 CPUs: 8 total, 8 available
 Memory: 5965M
 Large Page Support: Disabled
 NUMA Support: Disabled
 Compressed Oops: Enabled (32-bit)
 Alignments: Space 512K, Generation 512K, Heap 2M
 Heap Min Capacity: 100M
 Heap Initial Capacity: 100M
 Heap Max Capacity: 2G
 Pre-touch: Disabled
 Parallel Workers: 8

Heap:
 PSYoungGen      total 9216K, used 8005K [0x00000000d5580000, 0x00000000d6180000, 0x0000000100000000)
  eden space 8192K, 89% used [0x00000000d5580000,0x00000000d5cad660,0x00000000d5d80000)
  from space 1024K, 64% used [0x00000000d6080000,0x00000000d6124030,0x00000000d6180000)
  to   space 1024K, 0% used [0x00000000d5f80000,0x00000000d5f80000,0x00000000d6080000)
 ParOldGen       total 1154560K, used 1154070K [0x0000000080000000, 0x00000000c6780000, 0x00000000d5580000)
  object space 1154560K, 99% used [0x0000000080000000,0x00000000c6705a20,0x00000000c6780000)
 Metaspace       used 76163K, committed 77696K, reserved 1179648K
  class space    used 7468K, committed 8256K, reserved 1048576K

Card table byte_map: [0x000001d551980000,0x000001d551d90000] _byte_map_base: 0x000001d551580000

Marking Bits: (ParMarkBitMap*) 0x00007ff943f5a340
 Begin Bits: [0x000001d564470000, 0x000001d566470000)
 End Bits:   [0x000001d566470000, 0x000001d568470000)

Polling page: 0x000001d54ffc0000

Metaspace:

Usage:
  Non-class:     67.09 MB used.
      Class:      7.29 MB used.
       Both:     74.38 MB used.

Virtual space:
  Non-class space:      128.00 MB reserved,      67.81 MB ( 53%) committed,  2 nodes.
      Class space:        1.00 GB reserved,       8.06 MB ( <1%) committed,  1 nodes.
             Both:        1.12 GB reserved,      75.88 MB (  7%) committed. 

Chunk freelists:
   Non-Class:  11.84 MB
       Class:  8.06 MB
        Both:  19.90 MB

MaxMetaspaceSize: unlimited
CompressedClassSpaceSize: 1.00 GB
Initial GC threshold: 21.00 MB
Current GC threshold: 122.62 MB
CDS: on
 - commit_granule_bytes: 65536.
 - commit_granule_words: 8192.
 - virtual_space_node_default_size: 8388608.
 - enlarge_chunks_in_place: 1.
 - use_allocation_guard: 0.


Internal statistics:

num_allocs_failed_limit: 9.
num_arena_births: 1626.
num_arena_deaths: 506.
num_vsnodes_births: 3.
num_vsnodes_deaths: 0.
num_space_committed: 1214.
num_space_uncommitted: 0.
num_chunks_returned_to_freelist: 618.
num_chunks_taken_from_freelist: 5694.
num_chunk_merges: 178.
num_chunk_splits: 3191.
num_chunks_enlarged: 1687.
num_inconsistent_stats: 0.

CodeHeap 'non-profiled nmethods': size=120000Kb used=16207Kb max_used=16207Kb free=103792Kb
 bounds [0x000001d55cc90000, 0x000001d55dc70000, 0x000001d5641c0000]
CodeHeap 'profiled nmethods': size=120000Kb used=46933Kb max_used=46933Kb free=73066Kb
 bounds [0x000001d5551c0000, 0x000001d557fa0000, 0x000001d55c6f0000]
CodeHeap 'non-nmethods': size=5760Kb used=1474Kb max_used=1535Kb free=4285Kb
 bounds [0x000001d55c6f0000, 0x000001d55c960000, 0x000001d55cc90000]
CodeCache: size=245760Kb, used=64614Kb, max_used=64675Kb, free=181143Kb
 total_blobs=19215, nmethods=18425, adapters=692, full_count=0
Compilation: enabled, stopped_count=0, restarted_count=0

Compilation events (20 events):
Event: 54957.983 Thread 0x000001d568a62270 nmethod 20359 0x000001d557f90110 code [0x000001d557f90360, 0x000001d557f90c58]
Event: 54958.008 Thread 0x000001d568a62270 20361       3       org.eclipse.jdt.internal.compiler.lookup.MethodBinding::setParameterAnnotations (40 bytes)
Event: 54958.011 Thread 0x000001d568a62270 nmethod 20361 0x000001d557f90f90 code [0x000001d557f91180, 0x000001d557f916e8]
Event: 54958.033 Thread 0x000001d568a61560 nmethod 20357 0x000001d55dc58390 code [0x000001d55dc58820, 0x000001d55dc5a550]
Event: 54958.033 Thread 0x000001d568a61560 20358   !   4       lombok.eclipse.handlers.EclipseHandlerUtil::$SWITCH_TABLE$lombok$AccessLevel (101 bytes)
Event: 54958.033 Thread 0x000001d568a61560 nmethod 20358 0x000001d55dc5bd10 code [0x000001d55dc5bea0, 0x000001d55dc5bf38]
Event: 54958.034 Thread 0x000001d568a61560 20356       4       jdk.internal.loader.AbstractClassLoaderValue$Sub::hashCode (19 bytes)
Event: 54958.036 Thread 0x000001d568a61560 nmethod 20356 0x000001d55dc5c010 code [0x000001d55dc5c1c0, 0x000001d55dc5c360]
Event: 54958.036 Thread 0x000001d568a61560 20360       4       org.eclipse.jdt.internal.compiler.ast.StringLiteral::traverse (14 bytes)
Event: 54958.038 Thread 0x000001d568a61560 nmethod 20360 0x000001d55dc5c490 code [0x000001d55dc5c620, 0x000001d55dc5c6e0]
Event: 54960.031 Thread 0x000001d568a62270 20362   !   3       org.eclipse.jdt.internal.core.JavaProjectElementInfo::newNameLookup (405 bytes)
Event: 54960.032 Thread 0x000001d568a61560 20363       4       org.eclipse.jdt.internal.compiler.util.HashtableOfObjectToInt::rehash (78 bytes)
Event: 54960.052 Thread 0x000001d568a61560 nmethod 20363 0x000001d55dc5c790 code [0x000001d55dc5c9c0, 0x000001d55dc5d368]
Event: 54960.054 Thread 0x000001d568a61560 20366   !   4       org.eclipse.jdt.internal.compiler.parser.Scanner::jumpOverMethodBody (2550 bytes)
Event: 54960.059 Thread 0x000001d568a62270 nmethod 20362 0x000001d557f91890 code [0x000001d557f91c80, 0x000001d557f93e08]
Event: 54960.059 Thread 0x000001d568a62270 20364   !   3       org.eclipse.jdt.internal.core.JavaModelManager::callReadOnly (59 bytes)
Event: 54960.061 Thread 0x000001d568a62270 nmethod 20364 0x000001d557f94a90 code [0x000001d557f94cc0, 0x000001d557f953e0]
Event: 54960.200 Thread 0x000001d568a61560 nmethod 20366 0x000001d55dc5d910 code [0x000001d55dc5df40, 0x000001d55dc61750]
Event: 54960.200 Thread 0x000001d568a61560 20365       4       org.eclipse.jdt.internal.codeassist.select.SelectionScanner::scanIdentifierOrKeyword (42 bytes)
Event: 54960.205 Thread 0x000001d568a61560 nmethod 20365 0x000001d55dc63710 code [0x000001d55dc638e0, 0x000001d55dc63be0]

GC Heap History (20 events):
Event: 54693.748 GC heap before
{Heap before GC invocations=827 (full 4):
 PSYoungGen      total 10240K, used 10005K [0x00000000d5580000, 0x00000000d6580000, 0x0000000100000000)
  eden space 8192K, 100% used [0x00000000d5580000,0x00000000d5d80000,0x00000000d5d80000)
  from space 2048K, 88% used [0x00000000d6380000,0x00000000d65455a0,0x00000000d6580000)
  to   space 2048K, 0% used [0x00000000d6180000,0x00000000d6180000,0x00000000d6380000)
 ParOldGen       total 1054208K, used 1054031K [0x0000000080000000, 0x00000000c0580000, 0x00000000d5580000)
  object space 1054208K, 99% used [0x0000000080000000,0x00000000c0553e08,0x00000000c0580000)
 Metaspace       used 76101K, committed 77632K, reserved 1179648K
  class space    used 7468K, committed 8256K, reserved 1048576K
}
Event: 54693.760 GC heap after
{Heap after GC invocations=827 (full 4):
 PSYoungGen      total 9728K, used 1376K [0x00000000d5580000, 0x00000000d6400000, 0x0000000100000000)
  eden space 8192K, 0% used [0x00000000d5580000,0x00000000d5580000,0x00000000d5d80000)
  from space 1536K, 89% used [0x00000000d6180000,0x00000000d62d8000,0x00000000d6300000)
  to   space 1024K, 0% used [0x00000000d6300000,0x00000000d6300000,0x00000000d6400000)
 ParOldGen       total 1055744K, used 1055503K [0x0000000080000000, 0x00000000c0700000, 0x00000000d5580000)
  object space 1055744K, 99% used [0x0000000080000000,0x00000000c06c3c00,0x00000000c0700000)
 Metaspace       used 76101K, committed 77632K, reserved 1179648K
  class space    used 7468K, committed 8256K, reserved 1048576K
}
Event: 54955.143 GC heap before
{Heap before GC invocations=828 (full 4):
 PSYoungGen      total 9728K, used 9568K [0x00000000d5580000, 0x00000000d6400000, 0x0000000100000000)
  eden space 8192K, 100% used [0x00000000d5580000,0x00000000d5d80000,0x00000000d5d80000)
  from space 1536K, 89% used [0x00000000d6180000,0x00000000d62d8000,0x00000000d6300000)
  to   space 1024K, 0% used [0x00000000d6300000,0x00000000d6300000,0x00000000d6400000)
 ParOldGen       total 1150976K, used 1147663K [0x0000000080000000, 0x00000000c6400000, 0x00000000d5580000)
  object space 1150976K, 99% used [0x0000000080000000,0x00000000c60c3c90,0x00000000c6400000)
 Metaspace       used 76125K, committed 77696K, reserved 1179648K
  class space    used 7468K, committed 8256K, reserved 1048576K
}
Event: 54955.473 GC heap after
{Heap after GC invocations=828 (full 4):
 PSYoungGen      total 9216K, used 643K [0x00000000d5580000, 0x00000000d6400000, 0x0000000100000000)
  eden space 8192K, 0% used [0x00000000d5580000,0x00000000d5580000,0x00000000d5d80000)
  from space 1024K, 62% used [0x00000000d6300000,0x00000000d63a0d40,0x00000000d6400000)
  to   space 1024K, 0% used [0x00000000d6200000,0x00000000d6200000,0x00000000d6300000)
 ParOldGen       total 1150976K, used 1148887K [0x0000000080000000, 0x00000000c6400000, 0x00000000d5580000)
  object space 1150976K, 99% used [0x0000000080000000,0x00000000c61f5cf0,0x00000000c6400000)
 Metaspace       used 76125K, committed 77696K, reserved 1179648K
  class space    used 7468K, committed 8256K, reserved 1048576K
}
Event: 54955.825 GC heap before
{Heap before GC invocations=829 (full 4):
 PSYoungGen      total 9216K, used 8835K [0x00000000d5580000, 0x00000000d6400000, 0x0000000100000000)
  eden space 8192K, 100% used [0x00000000d5580000,0x00000000d5d80000,0x00000000d5d80000)
  from space 1024K, 62% used [0x00000000d6300000,0x00000000d63a0d40,0x00000000d6400000)
  to   space 1024K, 0% used [0x00000000d6200000,0x00000000d6200000,0x00000000d6300000)
 ParOldGen       total 1150976K, used 1148887K [0x0000000080000000, 0x00000000c6400000, 0x00000000d5580000)
  object space 1150976K, 99% used [0x0000000080000000,0x00000000c61f5cf0,0x00000000c6400000)
 Metaspace       used 76125K, committed 77696K, reserved 1179648K
  class space    used 7468K, committed 8256K, reserved 1048576K
}
Event: 54955.835 GC heap after
{Heap after GC invocations=829 (full 4):
 PSYoungGen      total 9216K, used 672K [0x00000000d5580000, 0x00000000d6380000, 0x0000000100000000)
  eden space 8192K, 0% used [0x00000000d5580000,0x00000000d5580000,0x00000000d5d80000)
  from space 1024K, 65% used [0x00000000d6200000,0x00000000d62a8040,0x00000000d6300000)
  to   space 512K, 0% used [0x00000000d6300000,0x00000000d6300000,0x00000000d6380000)
 ParOldGen       total 1150976K, used 1149087K [0x0000000080000000, 0x00000000c6400000, 0x00000000d5580000)
  object space 1150976K, 99% used [0x0000000080000000,0x00000000c6227d30,0x00000000c6400000)
 Metaspace       used 76125K, committed 77696K, reserved 1179648K
  class space    used 7468K, committed 8256K, reserved 1048576K
}
Event: 54955.893 GC heap before
{Heap before GC invocations=830 (full 4):
 PSYoungGen      total 9216K, used 8864K [0x00000000d5580000, 0x00000000d6380000, 0x0000000100000000)
  eden space 8192K, 100% used [0x00000000d5580000,0x00000000d5d80000,0x00000000d5d80000)
  from space 1024K, 65% used [0x00000000d6200000,0x00000000d62a8040,0x00000000d6300000)
  to   space 512K, 0% used [0x00000000d6300000,0x00000000d6300000,0x00000000d6380000)
 ParOldGen       total 1150976K, used 1149087K [0x0000000080000000, 0x00000000c6400000, 0x00000000d5580000)
  object space 1150976K, 99% used [0x0000000080000000,0x00000000c6227d30,0x00000000c6400000)
 Metaspace       used 76126K, committed 77696K, reserved 1179648K
  class space    used 7468K, committed 8256K, reserved 1048576K
}
Event: 54955.908 GC heap after
{Heap after GC invocations=830 (full 4):
 PSYoungGen      total 8704K, used 490K [0x00000000d5580000, 0x00000000d6380000, 0x0000000100000000)
  eden space 8192K, 0% used [0x00000000d5580000,0x00000000d5580000,0x00000000d5d80000)
  from space 512K, 95% used [0x00000000d6300000,0x00000000d637a910,0x00000000d6380000)
  to   space 1024K, 0% used [0x00000000d6180000,0x00000000d6180000,0x00000000d6280000)
 ParOldGen       total 1150976K, used 1149407K [0x0000000080000000, 0x00000000c6400000, 0x00000000d5580000)
  object space 1150976K, 99% used [0x0000000080000000,0x00000000c6277cd8,0x00000000c6400000)
 Metaspace       used 76126K, committed 77696K, reserved 1179648K
  class space    used 7468K, committed 8256K, reserved 1048576K
}
Event: 54956.272 GC heap before
{Heap before GC invocations=831 (full 4):
 PSYoungGen      total 8704K, used 8682K [0x00000000d5580000, 0x00000000d6380000, 0x0000000100000000)
  eden space 8192K, 100% used [0x00000000d5580000,0x00000000d5d80000,0x00000000d5d80000)
  from space 512K, 95% used [0x00000000d6300000,0x00000000d637a910,0x00000000d6380000)
  to   space 1024K, 0% used [0x00000000d6180000,0x00000000d6180000,0x00000000d6280000)
 ParOldGen       total 1150976K, used 1149407K [0x0000000080000000, 0x00000000c6400000, 0x00000000d5580000)
  object space 1150976K, 99% used [0x0000000080000000,0x00000000c6277cd8,0x00000000c6400000)
 Metaspace       used 76138K, committed 77696K, reserved 1179648K
  class space    used 7468K, committed 8256K, reserved 1048576K
}
Event: 54956.285 GC heap after
{Heap after GC invocations=831 (full 4):
 PSYoungGen      total 9216K, used 1008K [0x00000000d5580000, 0x00000000d6380000, 0x0000000100000000)
  eden space 8192K, 0% used [0x00000000d5580000,0x00000000d5580000,0x00000000d5d80000)
  from space 1024K, 98% used [0x00000000d6180000,0x00000000d627c050,0x00000000d6280000)
  to   space 1024K, 0% used [0x00000000d6280000,0x00000000d6280000,0x00000000d6380000)
 ParOldGen       total 1150976K, used 1149793K [0x0000000080000000, 0x00000000c6400000, 0x00000000d5580000)
  object space 1150976K, 99% used [0x0000000080000000,0x00000000c62d8618,0x00000000c6400000)
 Metaspace       used 76138K, committed 77696K, reserved 1179648K
  class space    used 7468K, committed 8256K, reserved 1048576K
}
Event: 54957.178 GC heap before
{Heap before GC invocations=832 (full 4):
 PSYoungGen      total 9216K, used 9200K [0x00000000d5580000, 0x00000000d6380000, 0x0000000100000000)
  eden space 8192K, 100% used [0x00000000d5580000,0x00000000d5d80000,0x00000000d5d80000)
  from space 1024K, 98% used [0x00000000d6180000,0x00000000d627c050,0x00000000d6280000)
  to   space 1024K, 0% used [0x00000000d6280000,0x00000000d6280000,0x00000000d6380000)
 ParOldGen       total 1150976K, used 1149793K [0x0000000080000000, 0x00000000c6400000, 0x00000000d5580000)
  object space 1150976K, 99% used [0x0000000080000000,0x00000000c62d8618,0x00000000c6400000)
 Metaspace       used 76147K, committed 77696K, reserved 1179648K
  class space    used 7468K, committed 8256K, reserved 1048576K
}
Event: 54957.187 GC heap after
{Heap after GC invocations=832 (full 4):
 PSYoungGen      total 9216K, used 1024K [0x00000000d5580000, 0x00000000d6480000, 0x0000000100000000)
  eden space 8192K, 0% used [0x00000000d5580000,0x00000000d5580000,0x00000000d5d80000)
  from space 1024K, 100% used [0x00000000d6280000,0x00000000d6380000,0x00000000d6380000)
  to   space 3584K, 0% used [0x00000000d5d80000,0x00000000d5d80000,0x00000000d6100000)
 ParOldGen       total 1152000K, used 1151644K [0x0000000080000000, 0x00000000c6500000, 0x00000000d5580000)
  object space 1152000K, 99% used [0x0000000080000000,0x00000000c64a70a0,0x00000000c6500000)
 Metaspace       used 76147K, committed 77696K, reserved 1179648K
  class space    used 7468K, committed 8256K, reserved 1048576K
}
Event: 54957.755 GC heap before
{Heap before GC invocations=833 (full 4):
 PSYoungGen      total 9216K, used 9216K [0x00000000d5580000, 0x00000000d6480000, 0x0000000100000000)
  eden space 8192K, 100% used [0x00000000d5580000,0x00000000d5d80000,0x00000000d5d80000)
  from space 1024K, 100% used [0x00000000d6280000,0x00000000d6380000,0x00000000d6380000)
  to   space 3584K, 0% used [0x00000000d5d80000,0x00000000d5d80000,0x00000000d6100000)
 ParOldGen       total 1152000K, used 1151644K [0x0000000080000000, 0x00000000c6500000, 0x00000000d5580000)
  object space 1152000K, 99% used [0x0000000080000000,0x00000000c64a70a0,0x00000000c6500000)
 Metaspace       used 76156K, committed 77696K, reserved 1179648K
  class space    used 7468K, committed 8256K, reserved 1048576K
}
Event: 54957.768 GC heap after
{Heap after GC invocations=833 (full 4):
 PSYoungGen      total 11776K, used 1070K [0x00000000d5580000, 0x00000000d6300000, 0x0000000100000000)
  eden space 8192K, 0% used [0x00000000d5580000,0x00000000d5580000,0x00000000d5d80000)
  from space 3584K, 29% used [0x00000000d5d80000,0x00000000d5e8bb20,0x00000000d6100000)
  to   space 2048K, 0% used [0x00000000d6100000,0x00000000d6100000,0x00000000d6300000)
 ParOldGen       total 1153024K, used 1152700K [0x0000000080000000, 0x00000000c6600000, 0x00000000d5580000)
  object space 1153024K, 99% used [0x0000000080000000,0x00000000c65af168,0x00000000c6600000)
 Metaspace       used 76156K, committed 77696K, reserved 1179648K
  class space    used 7468K, committed 8256K, reserved 1048576K
}
Event: 54957.841 GC heap before
{Heap before GC invocations=834 (full 4):
 PSYoungGen      total 11776K, used 9262K [0x00000000d5580000, 0x00000000d6300000, 0x0000000100000000)
  eden space 8192K, 100% used [0x00000000d5580000,0x00000000d5d80000,0x00000000d5d80000)
  from space 3584K, 29% used [0x00000000d5d80000,0x00000000d5e8bb20,0x00000000d6100000)
  to   space 2048K, 0% used [0x00000000d6100000,0x00000000d6100000,0x00000000d6300000)
 ParOldGen       total 1153024K, used 1152700K [0x0000000080000000, 0x00000000c6600000, 0x00000000d5580000)
  object space 1153024K, 99% used [0x0000000080000000,0x00000000c65af168,0x00000000c6600000)
 Metaspace       used 76156K, committed 77696K, reserved 1179648K
  class space    used 7468K, committed 8256K, reserved 1048576K
}
Event: 54957.847 GC heap after
{Heap after GC invocations=834 (full 4):
 PSYoungGen      total 9216K, used 778K [0x00000000d5580000, 0x00000000d6200000, 0x0000000100000000)
  eden space 8192K, 0% used [0x00000000d5580000,0x00000000d5580000,0x00000000d5d80000)
  from space 1024K, 76% used [0x00000000d6100000,0x00000000d61c2910,0x00000000d6200000)
  to   space 1024K, 0% used [0x00000000d6000000,0x00000000d6000000,0x00000000d6100000)
 ParOldGen       total 1153536K, used 1153530K [0x0000000080000000, 0x00000000c6680000, 0x00000000d5580000)
  object space 1153536K, 99% used [0x0000000080000000,0x00000000c667e810,0x00000000c6680000)
 Metaspace       used 76156K, committed 77696K, reserved 1179648K
  class space    used 7468K, committed 8256K, reserved 1048576K
}
Event: 54957.930 GC heap before
{Heap before GC invocations=835 (full 4):
 PSYoungGen      total 9216K, used 8970K [0x00000000d5580000, 0x00000000d6200000, 0x0000000100000000)
  eden space 8192K, 100% used [0x00000000d5580000,0x00000000d5d80000,0x00000000d5d80000)
  from space 1024K, 76% used [0x00000000d6100000,0x00000000d61c2910,0x00000000d6200000)
  to   space 1024K, 0% used [0x00000000d6000000,0x00000000d6000000,0x00000000d6100000)
 ParOldGen       total 1153536K, used 1153530K [0x0000000080000000, 0x00000000c6680000, 0x00000000d5580000)
  object space 1153536K, 99% used [0x0000000080000000,0x00000000c667e810,0x00000000c6680000)
 Metaspace       used 76157K, committed 77696K, reserved 1179648K
  class space    used 7468K, committed 8256K, reserved 1048576K
}
Event: 54957.935 GC heap after
{Heap after GC invocations=835 (full 4):
 PSYoungGen      total 8704K, used 352K [0x00000000d5580000, 0x00000000d6180000, 0x0000000100000000)
  eden space 8192K, 0% used [0x00000000d5580000,0x00000000d5580000,0x00000000d5d80000)
  from space 512K, 68% used [0x00000000d6000000,0x00000000d6058000,0x00000000d6080000)
  to   space 1024K, 0% used [0x00000000d6080000,0x00000000d6080000,0x00000000d6180000)
 ParOldGen       total 1154048K, used 1153942K [0x0000000080000000, 0x00000000c6700000, 0x00000000d5580000)
  object space 1154048K, 99% used [0x0000000080000000,0x00000000c66e5a20,0x00000000c6700000)
 Metaspace       used 76157K, committed 77696K, reserved 1179648K
  class space    used 7468K, committed 8256K, reserved 1048576K
}
Event: 54957.947 GC heap before
{Heap before GC invocations=836 (full 4):
 PSYoungGen      total 8704K, used 8544K [0x00000000d5580000, 0x00000000d6180000, 0x0000000100000000)
  eden space 8192K, 100% used [0x00000000d5580000,0x00000000d5d80000,0x00000000d5d80000)
  from space 512K, 68% used [0x00000000d6000000,0x00000000d6058000,0x00000000d6080000)
  to   space 1024K, 0% used [0x00000000d6080000,0x00000000d6080000,0x00000000d6180000)
 ParOldGen       total 1154048K, used 1153942K [0x0000000080000000, 0x00000000c6700000, 0x00000000d5580000)
  object space 1154048K, 99% used [0x0000000080000000,0x00000000c66e5a20,0x00000000c6700000)
 Metaspace       used 76157K, committed 77696K, reserved 1179648K
  class space    used 7468K, committed 8256K, reserved 1048576K
}
Event: 54957.953 GC heap after
{Heap after GC invocations=836 (full 4):
 PSYoungGen      total 9216K, used 656K [0x00000000d5580000, 0x00000000d6180000, 0x0000000100000000)
  eden space 8192K, 0% used [0x00000000d5580000,0x00000000d5580000,0x00000000d5d80000)
  from space 1024K, 64% used [0x00000000d6080000,0x00000000d6124030,0x00000000d6180000)
  to   space 1024K, 0% used [0x00000000d5f80000,0x00000000d5f80000,0x00000000d6080000)
 ParOldGen       total 1154560K, used 1154070K [0x0000000080000000, 0x00000000c6780000, 0x00000000d5580000)
  object space 1154560K, 99% used [0x0000000080000000,0x00000000c6705a20,0x00000000c6780000)
 Metaspace       used 76157K, committed 77696K, reserved 1179648K
  class space    used 7468K, committed 8256K, reserved 1048576K
}

Dll operation events (10 events):
Event: 0.013 Loaded shared library c:\Users\yaria\.vscode\extensions\redhat.java-1.46.0-win32-x64\jre\21.0.8-win32-x86_64\bin\java.dll
Event: 0.083 Loaded shared library c:\Users\yaria\.vscode\extensions\redhat.java-1.46.0-win32-x64\jre\21.0.8-win32-x86_64\bin\zip.dll
Event: 0.103 Loaded shared library C:\Users\yaria\.vscode\extensions\redhat.java-1.46.0-win32-x64\jre\21.0.8-win32-x86_64\bin\instrument.dll
Event: 0.107 Loaded shared library C:\Users\yaria\.vscode\extensions\redhat.java-1.46.0-win32-x64\jre\21.0.8-win32-x86_64\bin\net.dll
Event: 0.111 Loaded shared library C:\Users\yaria\.vscode\extensions\redhat.java-1.46.0-win32-x64\jre\21.0.8-win32-x86_64\bin\nio.dll
Event: 0.114 Loaded shared library C:\Users\yaria\.vscode\extensions\redhat.java-1.46.0-win32-x64\jre\21.0.8-win32-x86_64\bin\zip.dll
Event: 0.130 Loaded shared library C:\Users\yaria\.vscode\extensions\redhat.java-1.46.0-win32-x64\jre\21.0.8-win32-x86_64\bin\jimage.dll
Event: 0.209 Loaded shared library c:\Users\yaria\.vscode\extensions\redhat.java-1.46.0-win32-x64\jre\21.0.8-win32-x86_64\bin\verify.dll
Event: 2.239 Loaded shared library C:\Users\yaria\AppData\Roaming\Code\User\globalStorage\redhat.java\1.46.0\config_win\org.eclipse.equinox.launcher\org.eclipse.equinox.launcher.win32.win32.x86_64_1.2.1400.v20250801-0854\eclipse_11916.dll
Event: 4.610 Loaded shared library C:\Users\yaria\AppData\Local\Temp\jna-114748674\jna8465546266096109188.dll

Deoptimization events (20 events):
Event: 54692.179 Thread 0x000001d5735df0c0 DEOPT PACKING pc=0x000001d55da3a360 sp=0x0000009c86dfe510
Event: 54692.179 Thread 0x000001d56fd79410 DEOPT PACKING pc=0x000001d557de4709 sp=0x0000009c880ff0f0
Event: 54692.179 Thread 0x000001d56fd79410 DEOPT UNPACKING pc=0x000001d55c744242 sp=0x0000009c880fe5c8 mode 0
Event: 54692.180 Thread 0x000001d5735df0c0 DEOPT UNPACKING pc=0x000001d55c743aa2 sp=0x0000009c86dfe4b8 mode 2
Event: 54692.247 Thread 0x000001d56fd79410 DEOPT PACKING pc=0x000001d557c2b24e sp=0x0000009c880ff010
Event: 54692.247 Thread 0x000001d56fd79410 DEOPT UNPACKING pc=0x000001d55c744242 sp=0x0000009c880fe4f0 mode 0
Event: 54692.600 Thread 0x000001d5735e0470 Uncommon trap: trap_request=0xffffff45 fr.pc=0x000001d55db978a4 relative=0x00000000000021a4
Event: 54692.600 Thread 0x000001d5735e0470 Uncommon trap: reason=unstable_if action=reinterpret pc=0x000001d55db978a4 method=org.eclipse.jdt.internal.compiler.ast.ASTNode.handleNonNullByDefault(Lorg/eclipse/jdt/internal/compiler/lookup/BlockScope;[Lorg/eclipse/jdt/internal/compiler/ast/Annotation;
Event: 54692.601 Thread 0x000001d5735e0470 DEOPT PACKING pc=0x000001d55db978a4 sp=0x0000009c85bfe090
Event: 54692.601 Thread 0x000001d5735e0470 DEOPT UNPACKING pc=0x000001d55c743aa2 sp=0x0000009c85bfdf78 mode 2
Event: 54693.591 Thread 0x000001d5735dfde0 Uncommon trap: trap_request=0xffffff54 fr.pc=0x000001d55d35f43c relative=0x00000000000003bc
Event: 54693.594 Thread 0x000001d5735dfde0 Uncommon trap: reason=speculate_null_assert action=make_not_entrant pc=0x000001d55d35f43c method=com.google.common.cache.LocalCache$Segment.drainRecencyQueue()V @ 14 c2
Event: 54693.594 Thread 0x000001d5735dfde0 DEOPT PACKING pc=0x000001d55d35f43c sp=0x0000009c87efe200
Event: 54693.595 Thread 0x000001d5735dfde0 DEOPT UNPACKING pc=0x000001d55c743aa2 sp=0x0000009c87efe138 mode 2
Event: 54955.867 Thread 0x000001d5735dea30 DEOPT PACKING pc=0x000001d557840309 sp=0x0000009c85cfdd30
Event: 54955.873 Thread 0x000001d5735dea30 DEOPT UNPACKING pc=0x000001d55c744242 sp=0x0000009c85cfd228 mode 0
Event: 54960.032 Thread 0x000001d5735dd680 DEOPT PACKING pc=0x000001d555237ae5 sp=0x0000009c86dfe5a0
Event: 54960.033 Thread 0x000001d5735dd680 DEOPT UNPACKING pc=0x000001d55c744242 sp=0x0000009c86dfda40 mode 0
Event: 54960.043 Thread 0x000001d5735e1eb0 DEOPT PACKING pc=0x000001d557da2865 sp=0x0000009c87dfe160
Event: 54960.044 Thread 0x000001d5735e1eb0 DEOPT UNPACKING pc=0x000001d55c744242 sp=0x0000009c87dfd670 mode 0

Classes loaded (20 events):
Event: 52096.610 Loading class jdk/internal/module/IllegalAccessLogger
Event: 52096.610 Loading class jdk/internal/module/IllegalAccessLogger done
Event: 52183.756 Loading class jdk/internal/module/IllegalAccessLogger
Event: 52183.756 Loading class jdk/internal/module/IllegalAccessLogger done
Event: 52216.050 Loading class jdk/internal/module/IllegalAccessLogger
Event: 52216.051 Loading class jdk/internal/module/IllegalAccessLogger done
Event: 52259.157 Loading class jdk/internal/module/IllegalAccessLogger
Event: 52259.157 Loading class jdk/internal/module/IllegalAccessLogger done
Event: 52261.861 Loading class jdk/internal/module/IllegalAccessLogger
Event: 52261.861 Loading class jdk/internal/module/IllegalAccessLogger done
Event: 52263.896 Loading class jdk/internal/module/IllegalAccessLogger
Event: 52263.896 Loading class jdk/internal/module/IllegalAccessLogger done
Event: 52383.203 Loading class java/nio/file/Path$1
Event: 52383.212 Loading class java/nio/file/Path$1 done
Event: 52383.850 Loading class jdk/internal/module/IllegalAccessLogger
Event: 52383.851 Loading class jdk/internal/module/IllegalAccessLogger done
Event: 53906.672 Loading class jdk/internal/module/IllegalAccessLogger
Event: 53906.673 Loading class jdk/internal/module/IllegalAccessLogger done
Event: 54692.629 Loading class jdk/internal/module/IllegalAccessLogger
Event: 54692.630 Loading class jdk/internal/module/IllegalAccessLogger done

Classes unloaded (20 events):
Event: 52103.910 Thread 0x000001d552079a50 Unloading class 0x000001d501016400 'java/lang/invoke/LambdaForm$MH+0x000001d501016400'
Event: 52103.910 Thread 0x000001d552079a50 Unloading class 0x000001d501014800 'java/lang/invoke/LambdaForm$MH+0x000001d501014800'
Event: 52103.910 Thread 0x000001d552079a50 Unloading class 0x000001d50100d800 'java/lang/invoke/LambdaForm$MH+0x000001d50100d800'
Event: 52103.910 Thread 0x000001d552079a50 Unloading class 0x000001d50100d400 'java/lang/invoke/LambdaForm$MH+0x000001d50100d400'
Event: 52103.910 Thread 0x000001d552079a50 Unloading class 0x000001d50100d000 'java/lang/invoke/LambdaForm$MH+0x000001d50100d000'
Event: 52103.910 Thread 0x000001d552079a50 Unloading class 0x000001d50100cc00 'java/lang/invoke/LambdaForm$MH+0x000001d50100cc00'
Event: 52103.910 Thread 0x000001d552079a50 Unloading class 0x000001d50100c800 'java/lang/invoke/LambdaForm$BMH+0x000001d50100c800'
Event: 52103.910 Thread 0x000001d552079a50 Unloading class 0x000001d50100c000 'java/lang/invoke/LambdaForm$DMH+0x000001d50100c000'
Event: 52103.911 Thread 0x000001d552079a50 Unloading class 0x000001d501008c00 'java/lang/invoke/LambdaForm$MH+0x000001d501008c00'
Event: 52103.911 Thread 0x000001d552079a50 Unloading class 0x000001d501008800 'java/lang/invoke/LambdaForm$MH+0x000001d501008800'
Event: 52103.911 Thread 0x000001d552079a50 Unloading class 0x000001d501008400 'java/lang/invoke/LambdaForm$MH+0x000001d501008400'
Event: 52103.911 Thread 0x000001d552079a50 Unloading class 0x000001d501007000 'java/lang/invoke/LambdaForm$MH+0x000001d501007000'
Event: 52103.911 Thread 0x000001d552079a50 Unloading class 0x000001d501006800 'java/lang/invoke/LambdaForm$MH+0x000001d501006800'
Event: 52103.911 Thread 0x000001d552079a50 Unloading class 0x000001d501006400 'java/lang/invoke/LambdaForm$MH+0x000001d501006400'
Event: 52103.911 Thread 0x000001d552079a50 Unloading class 0x000001d501006000 'java/lang/invoke/LambdaForm$MH+0x000001d501006000'
Event: 52103.911 Thread 0x000001d552079a50 Unloading class 0x000001d501005c00 'java/lang/invoke/LambdaForm$BMH+0x000001d501005c00'
Event: 52103.911 Thread 0x000001d552079a50 Unloading class 0x000001d501004800 'java/lang/invoke/LambdaForm$DMH+0x000001d501004800'
Event: 52103.911 Thread 0x000001d552079a50 Unloading class 0x000001d501002400 'java/lang/invoke/LambdaForm$MH+0x000001d501002400'
Event: 52103.911 Thread 0x000001d552079a50 Unloading class 0x000001d501002000 'java/lang/invoke/LambdaForm$MH+0x000001d501002000'
Event: 52103.911 Thread 0x000001d552079a50 Unloading class 0x000001d501001800 'java/lang/invoke/LambdaForm$MH+0x000001d501001800'

Classes redefined (0 events):
No events

Internal exceptions (20 events):
Event: 52262.758 Thread 0x000001d56fd79410 Exception <a 'sun/nio/fs/WindowsException'{0x00000000d5641528}> (0x00000000d5641528) 
thrown [s\src\hotspot\share\prims\jni.cpp, line 520]
Event: 52382.535 Thread 0x000001d5721cfab0 Exception <a 'sun/nio/fs/WindowsException'{0x00000000d5694378}> (0x00000000d5694378) 
thrown [s\src\hotspot\share\prims\jni.cpp, line 520]
Event: 52382.537 Thread 0x000001d5721cfab0 Exception <a 'sun/nio/fs/WindowsException'{0x00000000d5694c58}> (0x00000000d5694c58) 
thrown [s\src\hotspot\share\prims\jni.cpp, line 520]
Event: 52382.908 Thread 0x000001d5721cfab0 Exception <a 'java/lang/NoSuchMethodError'{0x00000000d55a6828}: static Lorg/eclipse/m2e/core/internal/lifecyclemapping/model/PluginExecutionMetadata;.<clinit>()V> (0x00000000d55a6828) 
thrown [s\src\hotspot\share\prims\jni.cpp, line 1111]
Event: 52382.928 Thread 0x000001d5721cfab0 Exception <a 'java/lang/NoSuchMethodError'{0x00000000d55ca0b0}: static Lorg/eclipse/m2e/core/internal/lifecyclemapping/model/PluginExecutionFilter;.<clinit>()V> (0x00000000d55ca0b0) 
thrown [s\src\hotspot\share\prims\jni.cpp, line 1111]
Event: 52382.934 Thread 0x000001d5721cfab0 Exception <a 'java/lang/NoSuchMethodError'{0x00000000d55df898}: static Lorg/eclipse/m2e/core/internal/project/registry/MavenProjectFacade$MavenProjectConfiguration;.<clinit>()V> (0x00000000d55df898) 
thrown [s\src\hotspot\share\prims\jni.cpp, line 1111]
Event: 52382.939 Thread 0x000001d5721cfab0 Exception <a 'java/lang/NoSuchMethodError'{0x00000000d55fbb80}: static [J.<clinit>()V> (0x00000000d55fbb80) 
thrown [s\src\hotspot\share\prims\jni.cpp, line 1111]
Event: 52383.200 Thread 0x000001d5721cfab0 Exception <a 'sun/nio/fs/WindowsException'{0x00000000d5629870}> (0x00000000d5629870) 
thrown [s\src\hotspot\share\prims\jni.cpp, line 520]
Event: 52383.203 Thread 0x000001d5721cfab0 Exception <a 'sun/nio/fs/WindowsException'{0x00000000d5629fe8}> (0x00000000d5629fe8) 
thrown [s\src\hotspot\share\prims\jni.cpp, line 520]
Event: 52475.331 Thread 0x000001d5721cfab0 Implicit null exception at 0x000001d55db08c1d to 0x000001d55db08ef0
Event: 52684.970 Thread 0x000001d5735dfde0 Exception <a 'sun/nio/fs/WindowsException'{0x00000000d563f420}> (0x00000000d563f420) 
thrown [s\src\hotspot\share\prims\jni.cpp, line 520]
Event: 52684.973 Thread 0x000001d5735dfde0 Exception <a 'sun/nio/fs/WindowsException'{0x00000000d563fd08}> (0x00000000d563fd08) 
thrown [s\src\hotspot\share\prims\jni.cpp, line 520]
Event: 53904.836 Thread 0x000001d56fd79410 Exception <a 'sun/nio/fs/WindowsException'{0x00000000d56b6e38}> (0x00000000d56b6e38) 
thrown [s\src\hotspot\share\prims\jni.cpp, line 520]
Event: 53906.098 Thread 0x000001d5735dea30 Implicit null exception at 0x000001d55db36711 to 0x000001d55db372e8
Event: 53906.224 Thread 0x000001d56fd79410 Exception <a 'sun/nio/fs/WindowsException'{0x00000000d5594bc0}> (0x00000000d5594bc0) 
thrown [s\src\hotspot\share\prims\jni.cpp, line 520]
Event: 53967.119 Thread 0x000001d5735dea30 Implicit null exception at 0x000001d55db618fc to 0x000001d55db626b0
Event: 54204.785 Thread 0x000001d5735dfde0 Exception <a 'sun/nio/fs/WindowsException'{0x00000000d59d7870}> (0x00000000d59d7870) 
thrown [s\src\hotspot\share\prims\jni.cpp, line 520]
Event: 54204.786 Thread 0x000001d5735dfde0 Exception <a 'sun/nio/fs/WindowsException'{0x00000000d59d83b0}> (0x00000000d59d83b0) 
thrown [s\src\hotspot\share\prims\jni.cpp, line 520]
Event: 54691.830 Thread 0x000001d56fd79410 Exception <a 'sun/nio/fs/WindowsException'{0x00000000d55890f8}> (0x00000000d55890f8) 
thrown [s\src\hotspot\share\prims\jni.cpp, line 520]
Event: 54692.337 Thread 0x000001d56fd79410 Exception <a 'sun/nio/fs/WindowsException'{0x00000000d5782fe8}> (0x00000000d5782fe8) 
thrown [s\src\hotspot\share\prims\jni.cpp, line 520]

ZGC Phase Switch (0 events):
No events

VM Operations (20 events):
Event: 54955.141 Executing VM operation: ParallelGCFailedAllocation (Allocation Failure)
Event: 54955.473 Executing VM operation: ParallelGCFailedAllocation (Allocation Failure) done
Event: 54955.824 Executing VM operation: ParallelGCFailedAllocation (Allocation Failure)
Event: 54955.835 Executing VM operation: ParallelGCFailedAllocation (Allocation Failure) done
Event: 54955.892 Executing VM operation: ParallelGCFailedAllocation (Allocation Failure)
Event: 54955.908 Executing VM operation: ParallelGCFailedAllocation (Allocation Failure) done
Event: 54956.272 Executing VM operation: ParallelGCFailedAllocation (Allocation Failure)
Event: 54956.285 Executing VM operation: ParallelGCFailedAllocation (Allocation Failure) done
Event: 54957.175 Executing VM operation: ParallelGCFailedAllocation (Allocation Failure)
Event: 54957.188 Executing VM operation: ParallelGCFailedAllocation (Allocation Failure) done
Event: 54957.751 Executing VM operation: ParallelGCFailedAllocation (Allocation Failure)
Event: 54957.768 Executing VM operation: ParallelGCFailedAllocation (Allocation Failure) done
Event: 54957.841 Executing VM operation: ParallelGCFailedAllocation (Allocation Failure)
Event: 54957.847 Executing VM operation: ParallelGCFailedAllocation (Allocation Failure) done
Event: 54957.930 Executing VM operation: ParallelGCFailedAllocation (Allocation Failure)
Event: 54957.936 Executing VM operation: ParallelGCFailedAllocation (Allocation Failure) done
Event: 54957.946 Executing VM operation: ParallelGCFailedAllocation (Allocation Failure)
Event: 54957.953 Executing VM operation: ParallelGCFailedAllocation (Allocation Failure) done
Event: 54960.954 Executing VM operation: Cleanup
Event: 54960.955 Executing VM operation: Cleanup done

Memory protections (0 events):
No events

Nmethod flushes (20 events):
Event: 52104.617 Thread 0x000001d552079a50 flushing  nmethod 0x000001d556320610
Event: 52104.617 Thread 0x000001d552079a50 flushing  nmethod 0x000001d556333c10
Event: 52104.617 Thread 0x000001d552079a50 flushing  nmethod 0x000001d5563ddc10
Event: 52104.617 Thread 0x000001d552079a50 flushing  nmethod 0x000001d5563e8990
Event: 52104.617 Thread 0x000001d552079a50 flushing  nmethod 0x000001d5563ed010
Event: 52104.617 Thread 0x000001d552079a50 flushing  nmethod 0x000001d5563ed510
Event: 52104.617 Thread 0x000001d552079a50 flushing  nmethod 0x000001d5563efb10
Event: 52104.618 Thread 0x000001d552079a50 flushing osr nmethod 0x000001d556410710
Event: 52104.618 Thread 0x000001d552079a50 flushing  nmethod 0x000001d556425a90
Event: 52104.618 Thread 0x000001d552079a50 flushing  nmethod 0x000001d556425f10
Event: 52104.618 Thread 0x000001d552079a50 flushing  nmethod 0x000001d556427810
Event: 52104.618 Thread 0x000001d552079a50 flushing  nmethod 0x000001d556440590
Event: 52104.618 Thread 0x000001d552079a50 flushing  nmethod 0x000001d556466490
Event: 52104.618 Thread 0x000001d552079a50 flushing  nmethod 0x000001d55646df90
Event: 52104.618 Thread 0x000001d552079a50 flushing  nmethod 0x000001d55647db90
Event: 52104.618 Thread 0x000001d552079a50 flushing  nmethod 0x000001d55647e210
Event: 52104.618 Thread 0x000001d552079a50 flushing  nmethod 0x000001d55648b190
Event: 52104.619 Thread 0x000001d552079a50 flushing  nmethod 0x000001d5564a5e90
Event: 52104.619 Thread 0x000001d552079a50 flushing  nmethod 0x000001d5564b2710
Event: 52104.619 Thread 0x000001d552079a50 flushing  nmethod 0x000001d5564bf290

Events (20 events):
Event: 54691.510 Thread 0x000001d5735dfde0 Thread added: 0x000001d5735e0470
Event: 54691.844 Thread 0x000001d5735e0470 Thread added: 0x000001d5735e1190
Event: 54691.863 Thread 0x000001d5721c8b20 Thread added: 0x000001d5735df0c0
Event: 54692.145 Thread 0x000001d5735dfde0 Thread added: 0x000001d5735ddd10
Event: 54692.342 Thread 0x000001d568a62270 Thread added: 0x000001d570b468b0
Event: 54692.527 Thread 0x000001d5735e0470 Thread added: 0x000001d5735e1820
Event: 54692.647 Thread 0x000001d5735dfde0 Thread added: 0x000001d5735e1eb0
Event: 54692.861 Thread 0x000001d570b468b0 Thread exited: 0x000001d570b468b0
Event: 54693.716 Thread 0x000001d568a62270 Thread added: 0x000001d570b45b10
Event: 54693.864 Thread 0x000001d570b45b10 Thread exited: 0x000001d570b45b10
Event: 54752.457 Thread 0x000001d5735df0c0 Thread exited: 0x000001d5735df0c0
Event: 54752.725 Thread 0x000001d5735e1eb0 Thread exited: 0x000001d5735e1eb0
Event: 54753.370 Thread 0x000001d5735dd680 Thread exited: 0x000001d5735dd680
Event: 54753.371 Thread 0x000001d5735e1820 Thread exited: 0x000001d5735e1820
Event: 54754.184 Thread 0x000001d5735dfde0 Thread exited: 0x000001d5735dfde0
Event: 54954.121 Thread 0x000001d5721c8b20 Thread added: 0x000001d5735dea30
Event: 54954.139 Thread 0x000001d5735dea30 Thread added: 0x000001d5735dd680
Event: 54955.111 Thread 0x000001d5721c8b20 Thread added: 0x000001d5735e1eb0
Event: 54956.867 Thread 0x000001d568a62270 Thread added: 0x000001d570b45b10
Event: 54957.680 Thread 0x000001d570b45b10 Thread exited: 0x000001d570b45b10


Dynamic libraries:
0x00007ff69cd00000 - 0x00007ff69cd0e000 	c:\Users\yaria\.vscode\extensions\redhat.java-1.46.0-win32-x64\jre\21.0.8-win32-x86_64\bin\java.exe
0x00007ff9f08a0000 - 0x00007ff9f0b08000 	C:\WINDOWS\SYSTEM32\ntdll.dll
0x00007ff9ef0f0000 - 0x00007ff9ef1b9000 	C:\WINDOWS\System32\KERNEL32.DLL
0x00007ff9eda30000 - 0x00007ff9ede22000 	C:\WINDOWS\System32\KERNELBASE.dll
0x00007ff9ea4b0000 - 0x00007ff9ea54f000 	C:\WINDOWS\SYSTEM32\apphelp.dll
0x00007ff9ee480000 - 0x00007ff9ee5cb000 	C:\WINDOWS\System32\ucrtbase.dll
0x00007ff9d2b20000 - 0x00007ff9d2b3e000 	c:\Users\yaria\.vscode\extensions\redhat.java-1.46.0-win32-x64\jre\21.0.8-win32-x86_64\bin\VCRUNTIME140.dll
0x00007ff9d2b00000 - 0x00007ff9d2b18000 	c:\Users\yaria\.vscode\extensions\redhat.java-1.46.0-win32-x64\jre\21.0.8-win32-x86_64\bin\jli.dll
0x00007ff9efe90000 - 0x00007ff9f0055000 	C:\WINDOWS\System32\USER32.dll
0x00007ff9d23a0000 - 0x00007ff9d2633000 	C:\WINDOWS\WinSxS\amd64_microsoft.windows.common-controls_6595b64144ccf1df_6.0.26100.6899_none_3e0efeeae32e88c1\COMCTL32.dll
0x00007ff9ee3c0000 - 0x00007ff9ee3e7000 	C:\WINDOWS\System32\win32u.dll
0x00007ff9efd20000 - 0x00007ff9efdc9000 	C:\WINDOWS\System32\msvcrt.dll
0x00007ff9eec10000 - 0x00007ff9eec3b000 	C:\WINDOWS\System32\GDI32.dll
0x00007ff9edfa0000 - 0x00007ff9ee0cd000 	C:\WINDOWS\System32\gdi32full.dll
0x00007ff9ee0d0000 - 0x00007ff9ee173000 	C:\WINDOWS\System32\msvcp_win.dll
0x00007ff9eeca0000 - 0x00007ff9eeccf000 	C:\WINDOWS\System32\IMM32.DLL
0x00007ff9e1ea0000 - 0x00007ff9e1eac000 	c:\Users\yaria\.vscode\extensions\redhat.java-1.46.0-win32-x64\jre\21.0.8-win32-x86_64\bin\vcruntime140_1.dll
0x00007ff9b2ce0000 - 0x00007ff9b2d6d000 	c:\Users\yaria\.vscode\extensions\redhat.java-1.46.0-win32-x64\jre\21.0.8-win32-x86_64\bin\msvcp140.dll
0x00007ff9432a0000 - 0x00007ff944037000 	c:\Users\yaria\.vscode\extensions\redhat.java-1.46.0-win32-x64\jre\21.0.8-win32-x86_64\bin\server\jvm.dll
0x00007ff9efdd0000 - 0x00007ff9efe84000 	C:\WINDOWS\System32\ADVAPI32.dll
0x00007ff9f07b0000 - 0x00007ff9f0856000 	C:\WINDOWS\System32\sechost.dll
0x00007ff9ef6e0000 - 0x00007ff9ef7f8000 	C:\WINDOWS\System32\RPCRT4.dll
0x00007ff9eef70000 - 0x00007ff9eefe4000 	C:\WINDOWS\System32\WS2_32.dll
0x00007ff9ed890000 - 0x00007ff9ed8ee000 	C:\WINDOWS\SYSTEM32\POWRPROF.dll
0x00007ff9e2690000 - 0x00007ff9e269b000 	C:\WINDOWS\SYSTEM32\VERSION.dll
0x00007ff9e2b70000 - 0x00007ff9e2ba5000 	C:\WINDOWS\SYSTEM32\WINMM.dll
0x00007ff9ed870000 - 0x00007ff9ed884000 	C:\WINDOWS\SYSTEM32\UMPDC.dll
0x00007ff9ec7c0000 - 0x00007ff9ec7db000 	C:\WINDOWS\SYSTEM32\kernel.appcore.dll
0x00007ff9e1e70000 - 0x00007ff9e1e7a000 	c:\Users\yaria\.vscode\extensions\redhat.java-1.46.0-win32-x64\jre\21.0.8-win32-x86_64\bin\jimage.dll
0x00007ff9eb3a0000 - 0x00007ff9eb5e2000 	C:\WINDOWS\SYSTEM32\DBGHELP.DLL
0x00007ff9ee750000 - 0x00007ff9eeacb000 	C:\WINDOWS\System32\combase.dll
0x00007ff9ef960000 - 0x00007ff9efa37000 	C:\WINDOWS\System32\OLEAUT32.dll
0x00007ff9d5940000 - 0x00007ff9d597c000 	C:\WINDOWS\SYSTEM32\dbgcore.DLL
0x00007ff9ee5d0000 - 0x00007ff9ee668000 	C:\WINDOWS\System32\bcryptPrimitives.dll
0x00007ff9de260000 - 0x00007ff9de26f000 	c:\Users\yaria\.vscode\extensions\redhat.java-1.46.0-win32-x64\jre\21.0.8-win32-x86_64\bin\instrument.dll
0x00007ff9cefa0000 - 0x00007ff9cefbf000 	c:\Users\yaria\.vscode\extensions\redhat.java-1.46.0-win32-x64\jre\21.0.8-win32-x86_64\bin\java.dll
0x00007ff9f0060000 - 0x00007ff9f07ad000 	C:\WINDOWS\System32\SHELL32.dll
0x00007ff9ede30000 - 0x00007ff9edf9b000 	C:\WINDOWS\System32\wintypes.dll
0x00007ff9eb640000 - 0x00007ff9ebe9d000 	C:\WINDOWS\SYSTEM32\windows.storage.dll
0x00007ff9eeaf0000 - 0x00007ff9eebe2000 	C:\WINDOWS\System32\SHCORE.dll
0x00007ff9efcb0000 - 0x00007ff9efd12000 	C:\WINDOWS\System32\shlwapi.dll
0x00007ff9ed950000 - 0x00007ff9ed979000 	C:\WINDOWS\SYSTEM32\profapi.dll
0x00007ff9cb770000 - 0x00007ff9cb788000 	c:\Users\yaria\.vscode\extensions\redhat.java-1.46.0-win32-x64\jre\21.0.8-win32-x86_64\bin\zip.dll
0x00007ff9cbd50000 - 0x00007ff9cbd60000 	C:\Users\yaria\.vscode\extensions\redhat.java-1.46.0-win32-x64\jre\21.0.8-win32-x86_64\bin\net.dll
0x00007ff9e27b0000 - 0x00007ff9e28cf000 	C:\WINDOWS\SYSTEM32\WINHTTP.dll
0x00007ff9ecd10000 - 0x00007ff9ecd7b000 	C:\WINDOWS\system32\mswsock.dll
0x00007ff9cb630000 - 0x00007ff9cb646000 	C:\Users\yaria\.vscode\extensions\redhat.java-1.46.0-win32-x64\jre\21.0.8-win32-x86_64\bin\nio.dll
0x00007ff9cb620000 - 0x00007ff9cb630000 	c:\Users\yaria\.vscode\extensions\redhat.java-1.46.0-win32-x64\jre\21.0.8-win32-x86_64\bin\verify.dll
0x00007ff9b6120000 - 0x00007ff9b6164000 	C:\Users\yaria\AppData\Roaming\Code\User\globalStorage\redhat.java\1.46.0\config_win\org.eclipse.equinox.launcher\org.eclipse.equinox.launcher.win32.win32.x86_64_1.2.1400.v20250801-0854\eclipse_11916.dll
0x00007ff9efac0000 - 0x00007ff9efc58000 	C:\WINDOWS\System32\ole32.dll
0x00007ff9ed0f0000 - 0x00007ff9ed10b000 	C:\WINDOWS\SYSTEM32\CRYPTSP.dll
0x00007ff9ec720000 - 0x00007ff9ec75b000 	C:\WINDOWS\system32\rsaenh.dll
0x00007ff9ecdb0000 - 0x00007ff9ecddb000 	C:\WINDOWS\SYSTEM32\USERENV.dll
0x00007ff9ed920000 - 0x00007ff9ed946000 	C:\WINDOWS\SYSTEM32\bcrypt.dll
0x00007ff9ecf50000 - 0x00007ff9ecf5c000 	C:\WINDOWS\SYSTEM32\CRYPTBASE.dll
0x00007ff9ec210000 - 0x00007ff9ec244000 	C:\WINDOWS\SYSTEM32\IPHLPAPI.DLL
0x00007ff9ee670000 - 0x00007ff9ee67a000 	C:\WINDOWS\System32\NSI.dll
0x00007ff9b5290000 - 0x00007ff9b52d9000 	C:\Users\yaria\AppData\Local\Temp\jna-114748674\jna8465546266096109188.dll
0x00007ff9eead0000 - 0x00007ff9eead8000 	C:\WINDOWS\System32\PSAPI.DLL
0x00007ff9e7ef0000 - 0x00007ff9e7f0e000 	C:\WINDOWS\SYSTEM32\dhcpcsvc6.DLL
0x00007ff9e7eb0000 - 0x00007ff9e7ed3000 	C:\WINDOWS\SYSTEM32\dhcpcsvc.DLL
0x00007ff9ec8e0000 - 0x00007ff9ec916000 	C:\WINDOWS\SYSTEM32\ntmarta.dll

JVMTI agents:
c:\Users\yaria\.vscode\extensions\redhat.java-1.46.0-win32-x64\lombok\lombok-1.18.39-4050.jar path:c:\Users\yaria\.vscode\extensions\redhat.java-1.46.0-win32-x64\jre\21.0.8-win32-x86_64\bin\instrument.dll, loaded, initialized, instrumentlib options:none

dbghelp: loaded successfully - version: 4.0.5 - missing functions: none
symbol engine: initialized successfully - sym options: 0x614 - pdb path: .;c:\Users\yaria\.vscode\extensions\redhat.java-1.46.0-win32-x64\jre\21.0.8-win32-x86_64\bin;C:\WINDOWS\SYSTEM32;C:\WINDOWS\WinSxS\amd64_microsoft.windows.common-controls_6595b64144ccf1df_6.0.26100.6899_none_3e0efeeae32e88c1;c:\Users\yaria\.vscode\extensions\redhat.java-1.46.0-win32-x64\jre\21.0.8-win32-x86_64\bin\server;C:\Users\yaria\AppData\Roaming\Code\User\globalStorage\redhat.java\1.46.0\config_win\org.eclipse.equinox.launcher\org.eclipse.equinox.launcher.win32.win32.x86_64_1.2.1400.v20250801-0854;C:\Users\yaria\AppData\Local\Temp\jna-114748674

VM Arguments:
jvm_args: --add-modules=ALL-SYSTEM --add-opens=java.base/java.util=ALL-UNNAMED --add-opens=java.base/java.lang=ALL-UNNAMED --add-opens=java.base/sun.nio.fs=ALL-UNNAMED -Declipse.application=org.eclipse.jdt.ls.core.id1 -Dosgi.bundles.defaultStartLevel=4 -Declipse.product=org.eclipse.jdt.ls.core.product -Djava.import.generatesMetadataFilesAtProjectRoot=false -DDetectVMInstallationsJob.disabled=true -Dfile.encoding=utf8 -XX:+UseParallelGC -XX:GCTimeRatio=4 -XX:AdaptiveSizePolicyWeight=90 -Dsun.zip.disableMemoryMapping=true -Xmx2G -Xms100m -Xlog:disable -javaagent:c:\Users\yaria\.vscode\extensions\redhat.java-1.46.0-win32-x64\lombok\lombok-1.18.39-4050.jar -XX:+HeapDumpOnOutOfMemoryError -XX:HeapDumpPath=c:\Users\yaria\AppData\Roaming\Code\User\workspaceStorage\92f9c00cd649b263b20127a6d86bc385\redhat.java -Daether.dependencyCollector.impl=bf 
java_command: c:\Users\yaria\.vscode\extensions\redhat.java-1.46.0-win32-x64\server\plugins\org.eclipse.equinox.launcher_1.7.0.v20250519-0528.jar -configuration c:\Users\yaria\AppData\Roaming\Code\User\globalStorage\redhat.java\1.46.0\config_win -data c:\Users\yaria\AppData\Roaming\Code\User\workspaceStorage\92f9c00cd649b263b20127a6d86bc385\redhat.java\jdt_ws --pipe=\\.\pipe\lsp-1de3433e4c630f927e86ee15399a8963-sock
java_class_path (initial): c:\Users\yaria\.vscode\extensions\redhat.java-1.46.0-win32-x64\server\plugins\org.eclipse.equinox.launcher_1.7.0.v20250519-0528.jar
Launcher Type: SUN_STANDARD

[Global flags]
    uintx AdaptiveSizePolicyWeight                 = 90                                        {product} {command line}
     intx CICompilerCount                          = 4                                         {product} {ergonomic}
    uintx GCTimeRatio                              = 4                                         {product} {command line}
     bool HeapDumpOnOutOfMemoryError               = true                                   {manageable} {command line}
    ccstr HeapDumpPath                             = c:\Users\yaria\AppData\Roaming\Code\User\workspaceStorage\92f9c00cd649b263b20127a6d86bc385\redhat.java         {manageable} {command line}
   size_t InitialHeapSize                          = 104857600                                 {product} {command line}
   size_t MaxHeapSize                              = 2147483648                                {product} {command line}
   size_t MaxNewSize                               = 715653120                                 {product} {ergonomic}
   size_t MinHeapDeltaBytes                        = 524288                                    {product} {ergonomic}
   size_t MinHeapSize                              = 104857600                                 {product} {command line}
   size_t NewSize                                  = 34603008                                  {product} {ergonomic}
    uintx NonNMethodCodeHeapSize                   = 5839372                                {pd product} {ergonomic}
    uintx NonProfiledCodeHeapSize                  = 122909434                              {pd product} {ergonomic}
   size_t OldSize                                  = 70254592                                  {product} {ergonomic}
    uintx ProfiledCodeHeapSize                     = 122909434                              {pd product} {ergonomic}
    uintx ReservedCodeCacheSize                    = 251658240                              {pd product} {ergonomic}
     bool SegmentedCodeCache                       = true                                      {product} {ergonomic}
   size_t SoftMaxHeapSize                          = 2147483648                             {manageable} {ergonomic}
     bool UseCompressedOops                        = true                           {product lp64_product} {ergonomic}
     bool UseLargePagesIndividualAllocation        = false                                  {pd product} {ergonomic}
     bool UseParallelGC                            = true                                      {product} {command line}

Logging:
Log output configuration:
 #0: stdout all=off uptime,level,tags foldmultilines=false
 #1: stderr all=off uptime,level,tags foldmultilines=false

Environment Variables:
JAVA_HOME=C:\Program Files\Java\jdk-21
PATH=C:\Program Files\Common Files\Oracle\Java\javapath;C:\Program Files\Eclipse Adoptium\jdk-17.0.15.6-hotspot\bin;C:\WINDOWS\system32;C:\WINDOWS;C:\WINDOWS\System32\Wbem;C:\WINDOWS\System32\WindowsPowerShell\v1.0\;C:\WINDOWS\System32\OpenSSH\;C:\Program Files\apache-maven-3.9.11-bin\apache-maven-3.9.11\bin;C:\Program Files\Docker\Docker\resources\bin;C:\Program Files (x86)\Windows Kits\10\Windows Performance Toolkit\;C:\Qt\6.9.3\mingw_64\bin;C:\Users\yaria\AppData\Local\Microsoft\WindowsApps;C:\Users\yaria\AppData\Local\Programs\Microsoft VS Code\bin;C:\Users\yaria\AppData\Local\GitHubDesktop\bin;
USERNAME=yaria
OS=Windows_NT
PROCESSOR_IDENTIFIER=AMD64 Family 23 Model 160 Stepping 0, AuthenticAMD
TMP=C:\Users\yaria\AppData\Local\Temp
TEMP=C:\Users\yaria\AppData\Local\Temp




Periodic native trim disabled

---------------  S Y S T E M  ---------------

OS:
 Windows 11 , 64 bit Build 26100 (10.0.26100.6725)
OS uptime: 2 days 9:05 hours
Hyper-V role detected

CPU: total 8 (initial active 8) (8 cores per cpu, 2 threads per core) family 23 model 160 stepping 0 microcode 0x8a00006, cx8, cmov, fxsr, ht, mmx, 3dnowpref, sse, sse2, sse3, ssse3, sse4a, sse4.1, sse4.2, popcnt, lzcnt, tsc, tscinvbit, avx, avx2, aes, clmul, bmi1, bmi2, adx, sha, fma, vzeroupper, clflush, clflushopt, hv, rdtscp, rdpid, f16c
Processor Information for the first 8 processors :
  Max Mhz: 2801, Current Mhz: 2801, Mhz Limit: 2801

Memory: 4k page, system-wide physical 5965M (371M free)
TotalPageFile size 24397M (AvailPageFile size 1M)
current process WorkingSet (physical memory assigned to process): 160M, peak: 473M
current process commit charge ("private bytes"): 1489M, peak: 1490M

vm_info: OpenJDK 64-Bit Server VM (21.0.8+9-LTS) for windows-amd64 JRE (21.0.8+9-LTS), built on 2025-07-15T00:00:00Z by "admin" with MS VC++ 17.7 (VS2022)

END.
